2026-04-23 05:34:32 - mes_web - INFO - Migration: creating role_permissions table
2026-04-23 05:34:32 - mes_web - INFO - Initialized 14 station(s): ['Приёмка 1.1', 'Приёмка 1.2', 'Приёмка', 'Сортировка', 'Подготовка 3.1', 'Подготовка', 'Сборка', 'Пайка', 'QR-scanner 6.1', 'Контроль', 'Тестирование', 'Упаковка', 'Маркировка', 'Отгрузка']
2026-04-23 05:42:09 - mes_web - INFO - Initialized 14 station(s): ['Приёмка 1.1', 'Приёмка 1.2', 'Приёмка', 'Сортировка', 'Подготовка 3.1', 'Подготовка', 'Сборка', 'Пайка', 'QR-scanner 6.1', 'Контроль', 'Тестирование', 'Упаковка', 'Маркировка', 'Отгрузка']
2026-04-23 05:42:26 - mes_web - INFO - Initialized 14 station(s): ['Приёмка 1.1', 'Приёмка 1.2', 'Приёмка', 'Сортировка', 'Подготовка 3.1', 'Подготовка', 'Сборка', 'Пайка', 'QR-scanner 6.1', 'Контроль', 'Тестирование', 'Упаковка', 'Маркировка', 'Отгрузка']
2026-04-23 05:44:05 - mes_web - INFO - Initialized 14 station(s): ['Приёмка 1.1', 'Приёмка 1.2', 'Приёмка', 'Сортировка', 'Подготовка 3.1', 'Подготовка', 'Сборка', 'Пайка', 'QR-scanner 6.1', 'Контроль', 'Тестирование', 'Упаковка', 'Маркировка', 'Отгрузка']
2026-04-23 05:48:58 - mes_web - INFO - Initialized 14 station(s): ['Приёмка 1.1', 'Приёмка 1.2', 'Приёмка', 'Сортировка', 'Подготовка 3.1', 'Подготовка', 'Сборка', 'Пайка', 'QR-scanner 6.1', 'Контроль', 'Тестирование', 'Упаковка', 'Маркировка', 'Отгрузка']
2026-04-23 05:49:12 - mes_web - INFO - Order 1 moved from station 6.1 to 7.0
2026-04-23 05:49:12 - mes_web - INFO - POST /api/orders/1/move — OK
2026-04-23 05:50:05 - mes_web - INFO - Order 1 moved from station 7.0 to 8.0
2026-04-23 05:50:05 - mes_web - INFO - POST /api/orders/1/move — OK
2026-04-23 06:30:57 - mes_web - INFO - Initialized 14 station(s): ['Приёмка 1.1', 'Приёмка 1.2', 'Приёмка', 'Сортировка', 'Подготовка 3.1', 'Подготовка', 'Сборка', 'Пайка', 'QR-scanner 6.1', 'Контроль', 'Тестирование', 'Упаковка', 'Маркировка', 'Отгрузка']
2026-04-23 06:31:28 - mes_web - INFO - Initialized 14 station(s): ['Приёмка 1.1', 'Приёмка 1.2', 'Приёмка', 'Сортировка', 'Подготовка 3.1', 'Подготовка', 'Сборка', 'Пайка', 'QR-scanner 6.1', 'Контроль', 'Тестирование', 'Упаковка', 'Маркировка', 'Отгрузка']
2026-04-23 06:39:42 - mes_web - INFO - Initialized 14 station(s): ['Приёмка 1.1', 'Приёмка 1.2', 'Приёмка', 'Сортировка', 'Подготовка 3.1', 'Подготовка', 'Сборка', 'Пайка', 'QR-scanner 6.1', 'Контроль', 'Тестирование', 'Упаковка', 'Маркировка', 'Отгрузка']
2026-04-23 07:12:46 - mes_web - INFO - Initialized 14 station(s): ['Приёмка 1.1', 'Приёмка 1.2', 'Приёмка', 'Сортировка', 'Подготовка 3.1', 'Подготовка', 'Сборка', 'Пайка', 'QR-scanner 6.1', 'Контроль', 'Тестирование', 'Упаковка', 'Маркировка', 'Отгрузка']
2026-04-23 13:04:51 - mes_web - INFO - Initialized 14 station(s): ['Приёмка 1.1', 'Приёмка 1.2', 'Приёмка', 'Сортировка', 'Подготовка 3.1', 'Подготовка', 'Сборка', 'Пайка', 'QR-scanner 6.1', 'Контроль', 'Тестирование', 'Упаковка', 'Маркировка', 'Отгрузка']
2026-04-23 13:12:39 - mes_web - INFO - User 'operator' logged in
2026-04-23 13:13:02 - mes_web - INFO - QR scan saved: order_id=14, qr_data=PNR 4541, scan_id=1
2026-04-23 13:13:02 - mes_web - INFO - POST /api/orders/14/scan-result — OK, qr_data=PNR 4541
2026-04-23 13:13:10 - mes_web - INFO - Order 14 completed sub-station 6.1
2026-04-23 13:13:10 - mes_web - INFO - POST /api/orders/14/complete-sub 6.1 — OK
2026-04-23 13:13:12 - mes_web - INFO - QR scan saved: order_id=14, qr_data=, scan_id=2
2026-04-23 13:13:12 - mes_web - INFO - POST /api/orders/14/scan-result — OK, qr_data=
